<?xml version="1.0" encoding="UTF-8"?>
<!-- Generated by org.testng.reporters.JUnitReportReporter -->
<testsuite hostname="Niranjan" failures="0" tests="1" name="Testng_framework.runner_class" time="6.715" errors="0" timestamp="2023-12-19T12:53:23 IST" skipped="0">
  <testcase classname="Testng_framework.runner_class" name="run" time="6.715"/>
  <system-out/>
</testsuite> <!-- Testng_framework.runner_class -->
