<?xml version="1.0" encoding="UTF-8"?>
<!-- Generated by org.testng.reporters.JUnitReportReporter -->
<testsuite hostname="Niranjan" failures="0" tests="1" name="pom.runner_class" time="16.450" errors="0" timestamp="2023-12-22T12:45:00 IST" skipped="0">
  <testcase classname="pom.runner_class" name="run" time="16.450"/>
  <system-out/>
</testsuite> <!-- pom.runner_class -->
