<?xml version="1.0" encoding="UTF-8"?>
<!-- Generated by org.testng.reporters.JUnitReportReporter -->
<testsuite hostname="Niranjan" failures="0" tests="2" name="testng.samplerun" time="0.012" errors="0" timestamp="2023-12-18T13:33:38 IST" skipped="0">
  <testcase classname="testng.samplerun" name="sample2" time="0.002"/>
  <system-out/>
  <testcase classname="testng.samplerun" name="sample1" time="0.010"/>
  <system-out/>
</testsuite> <!-- testng.samplerun -->
