<?xml version="1.0" encoding="UTF-8"?>
<!-- Generated by org.testng.reporters.JUnitReportReporter -->
<testsuite hostname="Niranjan" failures="0" tests="4" name="testng.gj" time="0.017" errors="0" timestamp="2023-12-18T13:34:57 IST" skipped="0">
  <testcase classname="testng.gj" name="compose" time="0.011"/>
  <system-out/>
  <testcase classname="testng.gj" name="sendItem" time="0.002"/>
  <system-out/>
  <testcase classname="testng.gj" name="trash" time="0.002"/>
  <system-out/>
  <testcase classname="testng.gj" name="send" time="0.002"/>
  <system-out/>
</testsuite> <!-- testng.gj -->
