<?xml version="1.0" encoding="UTF-8"?>
<!-- Generated by org.testng.reporters.JUnitReportReporter -->
<testsuite hostname="Niranjan" failures="0" tests="1" name="testng.runnermultiple" time="14.145" errors="0" timestamp="2023-12-22T12:52:38 IST" skipped="0">
  <testcase classname="testng.runnermultiple" name="run" time="14.145"/>
  <system-out/>
</testsuite> <!-- testng.runnermultiple -->
