<?xml version="1.0" encoding="UTF-8"?>
<!-- Generated by org.testng.reporters.JUnitReportReporter -->
<testsuite hostname="Niranjan" failures="0" tests="1" name="mysqlrun.fetchdata" time="0.733" errors="0" timestamp="2023-12-27T14:14:10 IST" skipped="0">
  <testcase classname="mysqlrun.fetchdata" name="getData" time="0.733"/>
  <system-out/>
</testsuite> <!-- mysqlrun.fetchdata -->
