<?xml version="1.0" encoding="UTF-8"?>
<!-- Generated by org.testng.reporters.JUnitReportReporter -->
<testsuite hostname="Niranjan" failures="0" tests="1" name="assertion.hardassert" time="18.078" errors="0" timestamp="2023-12-20T10:56:37 IST" skipped="0">
  <testcase classname="assertion.hardassert" name="title" time="18.078"/>
  <system-out/>
</testsuite> <!-- assertion.hardassert -->
